01/11/2019 05:21:15 PM Refreshing window
01/11/2019 05:23:00 PM Refreshing window
01/11/2019 05:23:03 PM Refreshing window
01/11/2019 05:23:06 PM Refreshing window
01/11/2019 05:27:33 PM Opening guide
01/11/2019 05:27:36 PM Changing Json file path
01/11/2019 05:27:36 PM 'MenuInterface' object has no attribute 'tree_view'
Traceback (most recent call last):
  File "MainInterface.py", line 1063, in menu_json_files_path_function
    self.dialog = self.menu_interface_instance.change_path_json_file_interface()
  File "C:\Users\Juri Francia\Dropbox\Progetto JaSONx\Progetto JaSONx\Sorgenti JaSONx\Jason-versione-4.1.0.0\MenuInterface.py", line 236, in change_path_json_file_interface
    self.vertical_box.addWidget(self.tree_view)
AttributeError: 'MenuInterface' object has no attribute 'tree_view'
01/11/2019 05:27:38 PM Changing path template
01/11/2019 05:27:38 PM 'MenuInterface' object has no attribute 'tree_view'
Traceback (most recent call last):
  File "MainInterface.py", line 1027, in menu_json_templates_path_function
    self.dialog = self.menu_interface_instance.change_path_template_interface()
  File "C:\Users\Juri Francia\Dropbox\Progetto JaSONx\Progetto JaSONx\Sorgenti JaSONx\Jason-versione-4.1.0.0\MenuInterface.py", line 147, in change_path_template_interface
    self.vertical_box.addWidget(self.tree_view)
AttributeError: 'MenuInterface' object has no attribute 'tree_view'
01/11/2019 05:27:39 PM Changing Path Hierarchy
01/11/2019 05:27:39 PM 'MenuInterface' object has no attribute 'tree_view'
Traceback (most recent call last):
  File "MainInterface.py", line 1018, in menu_hierarchy_path_function
    self.dialog = self.menu_interface_instance.change_path_hierarchy_interface()
  File "C:\Users\Juri Francia\Dropbox\Progetto JaSONx\Progetto JaSONx\Sorgenti JaSONx\Jason-versione-4.1.0.0\MenuInterface.py", line 116, in change_path_hierarchy_interface
    self.vertical_box.addWidget(self.tree_view)
AttributeError: 'MenuInterface' object has no attribute 'tree_view'
01/11/2019 05:27:40 PM Changing path to Excel
01/11/2019 05:27:40 PM 'MenuInterface' object has no attribute 'tree_view'
Traceback (most recent call last):
  File "MainInterface.py", line 1036, in menu_excel_files_path_function
    self.dialog = self.menu_interface_instance.change_path_excel_interface()
  File "C:\Users\Juri Francia\Dropbox\Progetto JaSONx\Progetto JaSONx\Sorgenti JaSONx\Jason-versione-4.1.0.0\MenuInterface.py", line 176, in change_path_excel_interface
    self.vertical_box.addWidget(self.tree_view)
AttributeError: 'MenuInterface' object has no attribute 'tree_view'
01/11/2019 05:27:41 PM Adding Template
01/11/2019 05:27:41 PM 'MenuInterface' object has no attribute 'tree_view'
Traceback (most recent call last):
  File "MainInterface.py", line 1102, in menu_add_json_templates_function
    self.dialog = self.menu_interface_instance.add_json_template_interface()
  File "C:\Users\Juri Francia\Dropbox\Progetto JaSONx\Progetto JaSONx\Sorgenti JaSONx\Jason-versione-4.1.0.0\MenuInterface.py", line 360, in add_json_template_interface
    self.vertical_box.addWidget(self.tree_view)
AttributeError: 'MenuInterface' object has no attribute 'tree_view'
01/11/2019 05:27:42 PM Delete Hierarchy
01/11/2019 05:27:42 PM 'NoneType' object has no attribute 'show'
Traceback (most recent call last):
  File "MainInterface.py", line 1140, in menu_delete_hierarchy_function
    self.dialog.show()
AttributeError: 'NoneType' object has no attribute 'show'
01/11/2019 05:27:45 PM Change email address
01/11/2019 05:27:45 PM module 'PyQt5.QtWidgets' has no attribute 'Qself'
Traceback (most recent call last):
  File "MainInterface.py", line 1148, in change_email_function
    dialog = self.menu_interface_instance.change_email_interface()
  File "C:\Users\Juri Francia\Dropbox\Progetto JaSONx\Progetto JaSONx\Sorgenti JaSONx\Jason-versione-4.1.0.0\MenuInterface.py", line 566, in change_email_interface
    self.vertical_box = QtWidgets.Qself.vertical_boxLayout()
AttributeError: module 'PyQt5.QtWidgets' has no attribute 'Qself'
01/11/2019 05:27:46 PM Changing Json file path
01/11/2019 05:27:46 PM 'MenuInterface' object has no attribute 'tree_view'
Traceback (most recent call last):
  File "MainInterface.py", line 1063, in menu_json_files_path_function
    self.dialog = self.menu_interface_instance.change_path_json_file_interface()
  File "C:\Users\Juri Francia\Dropbox\Progetto JaSONx\Progetto JaSONx\Sorgenti JaSONx\Jason-versione-4.1.0.0\MenuInterface.py", line 236, in change_path_json_file_interface
    self.vertical_box.addWidget(self.tree_view)
AttributeError: 'MenuInterface' object has no attribute 'tree_view'
01/11/2019 05:28:57 PM Changing path to Excel Templates
01/11/2019 05:28:57 PM change_path_excel_templates_interface() takes 1 positional argument but 2 were given
Traceback (most recent call last):
  File "MainInterface.py", line 1045, in menu_excel_templates_path_function
    self.dialog = self.menu_interface_instance.change_path_excel_templates_interface(self)
TypeError: change_path_excel_templates_interface() takes 1 positional argument but 2 were given
01/11/2019 05:29:00 PM Changing path to Excel
01/11/2019 05:29:00 PM 'MenuInterface' object has no attribute 'tree_view'
Traceback (most recent call last):
  File "MainInterface.py", line 1036, in menu_excel_files_path_function
    self.dialog = self.menu_interface_instance.change_path_excel_interface()
  File "C:\Users\Juri Francia\Dropbox\Progetto JaSONx\Progetto JaSONx\Sorgenti JaSONx\Jason-versione-4.1.0.0\MenuInterface.py", line 176, in change_path_excel_interface
    self.vertical_box.addWidget(self.tree_view)
AttributeError: 'MenuInterface' object has no attribute 'tree_view'
01/11/2019 05:29:01 PM Changing final Excel path
01/11/2019 05:29:01 PM 'MenuInterface' object has no attribute 'tree_view'
Traceback (most recent call last):
  File "MainInterface.py", line 1054, in menu_excel_append_path_function
    self.dialog = self.menu_interface_instance.change_path_excel_final_interface()
  File "C:\Users\Juri Francia\Dropbox\Progetto JaSONx\Progetto JaSONx\Sorgenti JaSONx\Jason-versione-4.1.0.0\MenuInterface.py", line 267, in change_path_excel_final_interface
    self.vertical_box.addWidget(self.tree_view)
AttributeError: 'MenuInterface' object has no attribute 'tree_view'
01/11/2019 05:29:04 PM Changing post files path
01/11/2019 05:29:04 PM 'MenuInterface' object has no attribute 'tree_view'
Traceback (most recent call last):
  File "MainInterface.py", line 1081, in menu_post_files_path_function
    self.dialog = self.menu_interface_instance.change_path_post_files_interface()
  File "C:\Users\Juri Francia\Dropbox\Progetto JaSONx\Progetto JaSONx\Sorgenti JaSONx\Jason-versione-4.1.0.0\MenuInterface.py", line 330, in change_path_post_files_interface
    self.vertical_box.addWidget(self.tree_view)
AttributeError: 'MenuInterface' object has no attribute 'tree_view'
01/11/2019 05:32:16 PM Adding Template
01/11/2019 05:32:16 PM 'MenuInterface' object has no attribute 'tree_view'
Traceback (most recent call last):
  File "MainInterface.py", line 1102, in menu_add_json_templates_function
    self.dialog = self.menu_interface_instance.add_json_template_interface()
  File "C:\Users\Juri Francia\Dropbox\Progetto JaSONx\Progetto JaSONx\Sorgenti JaSONx\Jason-versione-4.1.0.0\MenuInterface.py", line 360, in add_json_template_interface
    self.vertical_box.addWidget(self.tree_view)
AttributeError: 'MenuInterface' object has no attribute 'tree_view'
01/11/2019 05:32:17 PM Adding Template
01/11/2019 05:32:17 PM 'MenuInterface' object has no attribute 'tree_view'
Traceback (most recent call last):
  File "MainInterface.py", line 1111, in menu_add_hierarchy_function
    self.dialog = self.menu_interface_instance.add_hierarchy_interface()
  File "C:\Users\Juri Francia\Dropbox\Progetto JaSONx\Progetto JaSONx\Sorgenti JaSONx\Jason-versione-4.1.0.0\MenuInterface.py", line 389, in add_hierarchy_interface
    self.vertical_box.addWidget(self.tree_view)
AttributeError: 'MenuInterface' object has no attribute 'tree_view'
01/11/2019 05:37:55 PM Refreshing window
